make all --print-data-base --no-builtin-variables --no-builtin-rules --question
# GNU Make 3.81
# Copyright (C) 2006  Free Software Foundation, Inc.
# This is free software; see the source for copying conditions.
# There is NO warranty; not even for MERCHANTABILITY or FITNESS FOR A
# PARTICULAR PURPOSE.

# This program built for i386-apple-darwin11.3.0
 
make: *** No rule to make target `all'.  Stop.


# Make data base, printed on Mon Jun 27 00:55:00 2022

# Variables

# automatic
<D = $(patsubst %/,%,$(dir $<))
# automatic
?F = $(notdir $?)
# environment
VSCODE_LOG_NATIVE = false
# automatic
?D = $(patsubst %/,%,$(dir $?))
# automatic
@D = $(patsubst %/,%,$(dir $@))
# automatic
@F = $(notdir $@)
# makefile
CURDIR := /Users/dmalusev/Code/Nano/cassandra-php-driver
# makefile
SHELL = /bin/sh
# environment
VSCODE_NLS_CONFIG = {"locale":"en-gb","availableLanguages":{},"_languagePackSupport":true}
# environment
_ = /usr/bin/make
# makefile (from `Makefile', line 1)
MAKEFILE_LIST :=  Makefile
# environment
VSCODE_VERBOSE_LOGGING = true
# environment
__CFBundleIdentifier = com.microsoft.VSCode
# environment
INFOPATH = /opt/homebrew/share/info:
# environment
VSCODE_IPC_HOOK_EXTHOST = /var/folders/n6/z9zh4vzd6yg73yh14bmv60th0000gn/T/vscode-ipc-f101760d-bb88-4d30-82a1-2259914c590e.sock
# environment
VSCODE_CWD = /
# environment
PATH = /opt/homebrew/bin:/opt/homebrew/sbin:/usr/local/bin:/usr/bin:/bin:/usr/sbin:/sbin:/usr/local/go/bin:/usr/local/share/dotnet:~/.dotnet/tools:/Library/Frameworks/Mono.framework/Versions/Current/Commands:/Users/dmalusev/.cargo/bin:/Users/dmalusev/.dotnet/tools
# environment
LSCOLORS = Gxfxcxdxbxegedabagacad
# environment
VSCODE_LOG_STACK = false
# environment
ELECTRON_RUN_AS_NODE = 1
# makefile (from `Makefile', line 6)
BUILD_FOLDER = build-release
# default
.FEATURES := target-specific order-only second-expansion else-if archives jobserver check-symlink
# environment
SSH_AUTH_SOCK = /private/tmp/com.apple.launchd.pP0gIW3FOj/Listeners
# automatic
%F = $(notdir $%)
# environment
VSCODE_PIPE_LOGGING = true
# environment
 
PWD = /Users/dmalusev/Code/Nano/cassandra-php-driver
# environment
HOMEBREW_CELLAR = /opt/homebrew/Cellar
# environment
ORIGINAL_XDG_CURRENT_DESKTOP = undefined
# environment
MANPATH = /opt/homebrew/share/man::
# environment
VSCODE_AMD_ENTRYPOINT = vs/workbench/api/node/extensionHostProcess
# environment
HOME = /Users/dmalusev
# default
MAKEFILEPATH := /Applications/Xcode.app/Contents/Developer/Makefiles
# environment
VSCODE_CODE_CACHE_PATH = /Users/dmalusev/Library/Application Support/Code/CachedData/30d9c6cd9483b2cc586687151bcbcd635f373630
# environment
LOGNAME = dmalusev
# environment
APPLICATION_INSIGHTS_NO_DIAGNOSTIC_CHANNEL = 1
# environment
ZSH = /Users/dmalusev/.oh-my-zsh
# environment
VSCODE_HANDLES_UNCAUGHT_ERRORS = true
# automatic
^D = $(patsubst %/,%,$(dir $^))
# environment
XPC_FLAGS = 0x0
# default
MAKE = $(MAKE_COMMAND)
# default
MAKECMDGOALS := all
# environment
SHLVL = 1
# default
MAKE_VERSION := 3.81
# environment
USER = dmalusev
# makefile
.DEFAULT_GOAL := build-libuv
# environment
LESS = -R
# automatic
%D = $(patsubst %/,%,$(dir $%))
# default
MAKE_COMMAND := /Applications/Xcode.app/Contents/Developer/usr/bin/make
# default
.VARIABLES := 
# environment
TMPDIR = /var/folders/n6/z9zh4vzd6yg73yh14bmv60th0000gn/T/
# automatic
*F = $(notdir $*)
# environment
VSCODE_IPC_HOOK = /Users/dmalusev/Library/Application Support/Code/1.68.1-main.sock
# makefile
MAKEFLAGS = Rrqp
# environment
MFLAGS = -Rrqp
# automatic
*D = $(patsubst %/,%,$(dir $*))
# environment
XPC_SERVICE_NAME = application.com.microsoft.VSCode.2757580.2757586
# environment
HOMEBREW_PREFIX = /opt/homebrew
# automatic
+D = $(patsubst %/,%,$(dir $+))
# automatic
+F = $(notdir $+)
# environment
HOMEBREW_REPOSITORY = /opt/homebrew
# environment
__CF_USER_TEXT_ENCODING = 0x1F5:0x0:0x0
# environment
COMMAND_MODE = unix2003
# default
MAKEFILES := 
# automatic
<F = $(notdir $<)
# environment
PAGER = less
# environment
LC_ALL = C
# automatic
^F = $(notdir $^)
# makefile (from `Makefile', line 1)
BUILD_TYPE = Release
# default
SUFFIXES := 
# environment
MAKELEVEL := 0
# environment
LANG = C
# environment
VSCODE_PID = 53530
# variable set hash-table stats:
# Load=72/1024=7%, Rehash=0, Collisions=1/97=1%

# Pattern-specific Variable Values

# No pattern-specific variable values.

# Directories

# . (device 16777229, inode 609590): 27 files, no impossibilities.

# 27 files, no impossibilities in 1 directories.

# Implicit Rules

# No implicit rules.

# Files

build-cassandra-php-driver:
#  Phony target (prerequisite of .PHONY).
#  Implicit rule search has not been done.
#  File does not exist.
#  File has not been updated.
#  commands to execute (from `Makefile', line 41):
	@export CMAKE_BUILD_TYPE=$(BUILD_TYPE)
	@mkdir -p $(BUILD_FOLDER)/cassandra
	@cd $(BUILD_FOLDER)/cassandra \
	&& cmake \
	-G "Ninja Multi-Config" \
	-DCMAKE_CXX_FLAGS="-fPIC" \
	-DCMAKE_C_FLAGS="-fPIC" \
	-DCMAKE_BUILD_TYPE=$(BUILD_TYPE) \
	-DLINK_STATICALLY=ON ../..
	@cd $(BUILD_FOLDER)/cassandra && ninja -f build-$(BUILD_TYPE).ninja ext-cassandra
	

# Not a target:
all:
#  Command-line target.
#  Implicit rule search has been done.
#  File does not exist.
#  File has not been updated.
# variable set hash-table stats:
# Load=0/32=0%, Rehash=0, Collisions=0/0=0%

php-test:
#  Phony target (prerequisite of .PHONY).
#  Implicit rule search has not been done.
#  File does not exist.
#  File has not been updated.
#  commands to execute (from `Makefile', line 78):
	@cd ext && php run-tests.php -j2 -m -c ../php.ini -d "error_reporting=E_ALL&~E_NOTICE&~E_DEPRECATED" tests/
	

.PHONY: build-libuv build-libcassandra build-cassandra-php-driver build docker-dev-image docker-production-image php-test php-arg-info run-dev-image run-prod-image
#  Implicit rule search has not been done.
#  Modification time never checked.
#  File has not been updated.

build-libuv:
#  Phony target (prerequisite of .PHONY).
#  Implicit rule search has not been done.
#  File does not exist.
#  File has not been updated.
#  commands to execute (from `Makefile', line 11):
	ls -la lib/libuv
	ls -la lib/cpp-driver
	echo $(shell pwd)
	@mkdir -p $(BUILD_FOLDER)/libuv
	@cd $(BUILD_FOLDER)/libuv && \
	cmake -G "Ninja Multi-Config" \
	-DCMAKE_C_FLAGS="-fPIC" \
	-DLIBUV_BUILD_TESTS=OFF \
	-DLIBUV_BUILD_BENCH=OFF  ../../lib/libuv
	@cd $(BUILD_FOLDER)/libuv && ninja -f build-$(BUILD_TYPE).ninja uv_a
	@cd $(BUILD_FOLDER)/libuv && ninja -f build-$(BUILD_TYPE).ninja install
	

# Not a target:
.SUFFIXES:
#  Implicit rule search has not been done.
#  Modification time never checked.
#  File has not been updated.

# Not a target:
Makefile:
#  Implicit rule search has been done.
#  Last modified 2022-06-27 00:53:54
#  File has been updated.
#  Successfully updated.
# variable set hash-table stats:
# Load=0/32=0%, Rehash=0, Collisions=0/0=0%

php-arg-info:
#  Phony target (prerequisite of .PHONY).
#  Implicit rule search has not been done.
#  File does not exist.
#  File has not been updated.
#  commands to execute (from `Makefile', line 82):
	@php $(shell pwd)/ext/build/gen_stub.php \
	-f \
	--generate-classsynopses \
	--generate-methodsynopses \
	--parameter-stats \
	ext/src/
	

build: build-libuv build-libcassandra build-cassandra-php-driver
#  Phony target (prerequisite of .PHONY).
#  Implicit rule search has not been done.
#  File does not exist.
#  File has not been updated.

docker-production-image:
#  Phony target (prerequisite of .PHONY).
#  Implicit rule search has not been done.
#  File does not exist.
#  File has not been updated.
#  commands to execute (from `Makefile', line 71):
	@docker build \
	--build-arg "IMAGE=malusevd99/php-ext-dev:8.1" \
 
	-t "ghcr.io/nano-interactive/cassandra-php-driver" \
	--target production \
	--compress .
	

# Not a target:
.DEFAULT:
#  Implicit rule search has not been done.
#  Modification time never checked.
#  File has not been updated.

clean:
#  Implicit rule search has not been done.
#  Modification time never checked.
#  File has not been updated.
#  commands to execute (from `Makefile', line 59):
	@cd $(BUILD_FOLDER) && ninja clean
	

run-dev-image:
#  Phony target (prerequisite of .PHONY).
#  Implicit rule search has not been done.
#  File does not exist.
#  File has not been updated.
#  commands to execute (from `Makefile', line 91):
	@docker run \
	--rm \
	-it \
	-v "$(shell pwd):/tmp/cassandra-php-driver" \
	-w "/tmp/cassandra-php-driver" \
	ghcr.io/nano-interactive/cassandra-php-driver:dev \
	bash
	

docker-dev-image:
#  Phony target (prerequisite of .PHONY).
#  Implicit rule search has not been done.
#  File does not exist.
#  File has not been updated.
#  commands to execute (from `Makefile', line 63):
	@docker build \
	--build-arg "IMAGE=malusevd99/php-ext-dev:8.1-debug" \
	-t "ghcr.io/nano-interactive/cassandra-php-driver:dev" \
	--target dev \
	--compress .
	

build-libcassandra: build-libuv
#  Phony target (prerequisite of .PHONY).
#  Implicit rule search has not been done.
#  File does not exist.
#  File has not been updated.
#  commands to execute (from `Makefile', line 25):
	@mkdir -p $(BUILD_FOLDER)/libcassandra
	@cd $(BUILD_FOLDER)/libcassandra && \
	cmake -G "Ninja Multi-Config" \
	-DCMAKE_CXX_FLAGS="-fPIC" \
	-DCMAKE_C_FLAGS="-fPIC" \
	-DCASS_USE_STATIC_LIBS=ON \
	-DCASS_BUILD_STATIC=ON \
	-DCASS_BUILD_SHARED=OFF \
	-DCASS_USE_TIMERFD=ON \
	-DCMAKE_BUILD_TYPE=$(BUILD_TYPE) \
	../../lib/cpp-driver
	@cd $(BUILD_FOLDER)/libcassandra && ninja -f build-$(BUILD_TYPE).ninja cassandra_static
	@cd $(BUILD_FOLDER)/libcassandra && ninja -f build-$(BUILD_TYPE).ninja install
	

run-prod-image:
#  Phony target (prerequisite of .PHONY).
#  Implicit rule search has not been done.
#  File does not exist.
#  File has not been updated.
#  commands to execute (from `Makefile', line 100):
	@docker run \
	--rm \
	-it \
	-v "$(shell pwd):/tmp/cassandra-php-driver" \
	-w "/tmp/cassandra-php-driver" \
	ghcr.io/nano-interactive/cassandra-php-driver \
	bash
	

install:
#  Implicit rule search has not been done.
#  Modification time never checked.
#  File has not been updated.
#  commands to execute (from `Makefile', line 56):
	cd $(BUILD_FOLDER)/cassandra && ninja -f build-$(BUILD_TYPE).ninja install
	

# files hash-table stats:
# Load=17/1024=2%, Rehash=0, Collisions=0/52=0%
# VPATH Search Paths

# No `vpath' search paths.

# No general (`VPATH' variable) search path.

# # of strings in strcache: 1
# # of strcache buffers: 1
# strcache size: total = 4096 / max = 4096 / min = 4096 / avg = 4096
# strcache free: total = 4087 / max = 4087 / min = 4087 / avg = 4087

# Finished Make data base on Mon Jun 27 00:55:00 2022

 
